<?xml version="1.0" encoding="UTF-8"?>
<!-- Generated by org.testng.reporters.JUnitXMLReporter -->
<testsuite ignored="0" hostname="Madhu" failures="0" tests="4" name="Default test" time="2.614" errors="0" timestamp="2022-04-08T11:48:56 IST">
  <testcase classname="rough.fakerclass" name="fake" time="0.016"/>
  <testcase classname="rough.fakerclass" name="fake" time="0.008"/>
  <testcase classname="rough.fakerclass" name="fake" time="0.005"/>
  <testcase classname="rough.fakerclass" name="fake" time="0.005"/>
</testsuite> <!-- Default test -->
