<?xml version="1.0" encoding="UTF-8"?>
<!-- Generated by org.testng.reporters.JUnitXMLReporter -->
<testsuite ignored="0" hostname="Madhu" failures="1" tests="2" name="Test" time="50.854" errors="0" timestamp="2022-04-08T23:39:10 IST">
  <testcase classname="assign.highlevel.Bookappointment" name="intial" time="15.329"/>
  <testcase classname="assign.highlevel.Bookappointment" name="booking" time="32.913">
    <failure type="java.lang.AssertionError" message="The following asserts failed:
	Either the priortised slots are full or a defect expected [null] but found [GMT+05:30 Asia/Calcutta (GMT+5:30)]">
      <![CDATA[java.lang.AssertionError: The following asserts failed:
Either the priortised slots are full or a defect expected [null] but found [GMT+05:30 Asia/Calcutta (GMT+5:30)]
at assign.highlevel.Bookappointment.booking(Bookappointment.java:63)
at java.base/java.util.ArrayList.forEach(ArrayList.java:1541)
... Removed 29 stack frames]]>
    </failure>
  </testcase> <!-- booking -->
</testsuite> <!-- Test -->
